<?xml version="1.0" encoding="UTF-8"?>
<testng-results skipped="0" failed="0" ignored="0" total="1" passed="1">
  <reporter-output>
  </reporter-output>
  <suite name="Default suite" duration-ms="18457" started-at="2018-01-31T11:33:43Z" finished-at="2018-01-31T11:34:01Z">
    <groups>
    </groups>
    <test name="Default test" duration-ms="18457" started-at="2018-01-31T11:33:43Z" finished-at="2018-01-31T11:34:01Z">
      <class name="com.qtpselenium.AppTest">
        <test-method status="PASS" signature="guru99()[pri:0, instance:com.qtpselenium.AppTest@feb3fa]" name="guru99" duration-ms="18386" started-at="2018-01-31T17:03:43Z" finished-at="2018-01-31T17:04:01Z">
          <reporter-output>
          </reporter-output>
        </test-method> <!-- guru99 -->
      </class> <!-- com.qtpselenium.AppTest -->
    </test> <!-- Default test -->
  </suite> <!-- Default suite -->
</testng-results>
